[0m18:08:52.150359 [debug] [MainThread]: Sending event: {'category': 'dbt', 'action': 'invocation', 'label': 'start', 'context': [<snowplow_tracker.self_describing_json.SelfDescribingJson object at 0x109be3e90>, <snowplow_tracker.self_describing_json.SelfDescribingJson object at 0x109c95790>, <snowplow_tracker.self_describing_json.SelfDescribingJson object at 0x109c963d0>]}


============================== 18:08:52.152858 | b11a9a98-829d-41c5-b38f-0240a5c3d0f1 ==============================
[0m18:08:52.152858 [info ] [MainThread]: Running with dbt=1.10.9
[0m18:08:52.153115 [debug] [MainThread]: running dbt with arguments {'warn_error': 'None', 'cache_selected_only': 'False', 'printer_width': '80', 'use_experimental_parser': 'False', 'fail_fast': 'False', 'indirect_selection': 'eager', 'log_path': 'logs', 'empty': 'None', 'send_anonymous_usage_stats': 'True', 'profiles_dir': '/Users/jaga/.dbt', 'introspect': 'True', 'no_print': 'None', 'use_colors': 'True', 'debug': 'False', 'invocation_command': 'dbt init austin_bikeshare_demo', 'log_cache_events': 'False', 'version_check': 'True', 'quiet': 'False', 'partial_parse': 'True', 'target_path': 'None', 'static_parser': 'True', 'write_json': 'True', 'warn_error_options': 'WarnErrorOptionsV2(error=[], warn=[], silence=[])', 'log_format': 'default'}
[0m18:08:52.162665 [info ] [MainThread]: Creating dbt configuration folder at /Users/jaga/.dbt
[0m18:08:52.163508 [debug] [MainThread]: Starter project path: /Users/jaga/miniconda3/envs/elt/lib/python3.11/site-packages/dbt/include/starter_project
[0m18:08:52.166324 [info ] [MainThread]: 
Your new dbt project "austin_bikeshare_demo" was created!

For more information on how to configure the profiles.yml file,
please consult the dbt documentation here:

  https://docs.getdbt.com/docs/configure-your-profile

One more thing:

Need help? Don't hesitate to reach out to us via GitHub issues or on Slack:

  https://community.getdbt.com/

Happy modeling!

[0m18:08:52.166470 [info ] [MainThread]: Setting up your profile.
[0m18:11:38.714761 [info ] [MainThread]: Profile austin_bikeshare_demo written to /Users/jaga/.dbt/profiles.yml using target's profile_template.yml and your supplied values. Run 'dbt debug' to validate the connection.
[0m18:11:38.715835 [debug] [MainThread]: Resource report: {"command_name": "init", "command_success": true, "command_wall_clock_time": 166.59744, "process_in_blocks": "0", "process_kernel_time": 1.685071, "process_mem_max_rss": "407011328", "process_out_blocks": "0", "process_user_time": 4.88387}
[0m18:11:38.716729 [debug] [MainThread]: Command `dbt init` succeeded at 18:11:38.716625 after 166.60 seconds
[0m18:11:38.717168 [debug] [MainThread]: Sending event: {'category': 'dbt', 'action': 'invocation', 'label': 'end', 'context': [<snowplow_tracker.self_describing_json.SelfDescribingJson object at 0x109bde6d0>, <snowplow_tracker.self_describing_json.SelfDescribingJson object at 0x109c69ad0>, <snowplow_tracker.self_describing_json.SelfDescribingJson object at 0x108a3ed90>]}
[0m18:11:38.717616 [debug] [MainThread]: Flushing usage events
[0m18:11:39.999779 [debug] [MainThread]: An error was encountered while trying to flush usage events
